#
# There is insufficient memory for the Java Runtime Environment to continue.
# Native memory allocation (mmap) failed to map 62914560 bytes. Error detail: G1 virtual space
# Possible reasons:
#   The system is out of physical RAM or swap space
#   This process is running with CompressedOops enabled, and the Java Heap may be blocking the growth of the native heap
# Possible solutions:
#   Reduce memory load on the system
#   Increase physical memory or swap space
#   Check if swap backing store is full
#   Decrease Java heap size (-Xmx/-Xms)
#   Decrease number of Java threads
#   Decrease Java thread stack sizes (-Xss)
#   Set larger code cache with -XX:ReservedCodeCacheSize=
#   JVM is running with Unscaled Compressed Oops mode in which the Java heap is
#     placed in the first 4GB address space. The Java Heap base address is the
#     maximum limit for the native heap growth. Please use -XX:HeapBaseMinAddress
#     to set the Java Heap base and to place the Java Heap above 4GB virtual address.
# This output file may be truncated or incomplete.
#
#  Out of Memory Error (os_windows.cpp:3825), pid=11964, tid=12000
#
# JRE version:  (17.0.11) (build )
# Java VM: OpenJDK 64-Bit Server VM (17.0.11+0--11852314, mixed mode, sharing, tiered, compressed oops, compressed class ptrs, g1 gc, windows-amd64)
# No core dump will be written. Minidumps are not enabled by default on client versions of Windows
#

---------------  S U M M A R Y ------------

Command Line: 

Host: Intel(R) Core(TM) i3-1005G1 CPU @ 1.20GHz, 4 cores, 3G,  Windows 11 , 64 bit Build 22621 (10.0.22621.3672)
Time: Wed Jul 24 23:41:11 2024 India Standard Time elapsed time: 1.450390 seconds (0d 0h 0m 1s)

---------------  T H R E A D  ---------------

Current thread (0x0000017f4d33c040):  JavaThread "Unknown thread" [_thread_in_vm, id=12000, stack(0x000000534a800000,0x000000534a900000)]

Stack: [0x000000534a800000,0x000000534a900000]
Native frames: (J=compiled Java code, j=interpreted, Vv=VM code, C=native code)
V  [jvm.dll+0x687bb9]
V  [jvm.dll+0x84142a]
V  [jvm.dll+0x8430ae]
V  [jvm.dll+0x843713]
V  [jvm.dll+0x24a35f]
V  [jvm.dll+0x684989]
V  [jvm.dll+0x67923a]
V  [jvm.dll+0x30af0b]
V  [jvm.dll+0x3123b6]
V  [jvm.dll+0x361dfe]
V  [jvm.dll+0x36202f]
V  [jvm.dll+0x2e0d38]
V  [jvm.dll+0x2e1ca4]
V  [jvm.dll+0x811f21]
V  [jvm.dll+0x36fb68]
V  [jvm.dll+0x7f0896]
V  [jvm.dll+0x3f3d2f]
V  [jvm.dll+0x3f58e1]
C  [jli.dll+0x528f]
C  [ucrtbase.dll+0x29333]
C  [KERNEL32.DLL+0x1257d]
C  [ntdll.dll+0x5af28]


---------------  P R O C E S S  ---------------

Threads class SMR info:
_java_thread_list=0x00007ffb4765efd8, length=0, elements={
}

Java Threads: ( => current thread )

Other Threads:
  0x0000017f4d376b70 GCTaskThread "GC Thread#0" [stack: 0x000000534a900000,0x000000534aa00000] [id=16560]
  0x0000017f4d37f8e0 ConcurrentGCThread "G1 Main Marker" [stack: 0x000000534aa00000,0x000000534ab00000] [id=6632]
  0x0000017f4d380300 ConcurrentGCThread "G1 Conc#0" [stack: 0x000000534ab00000,0x000000534ac00000] [id=4200]

[error occurred during error reporting (printing all threads), id 0xc0000005, EXCEPTION_ACCESS_VIOLATION (0xc0000005) at pc=0x00007ffb46e11907]

VM state: not at safepoint (not fully initialized)

VM Mutex/Monitor currently owned by a thread:  ([mutex/lock_event])
[0x0000017f4d336b20] Heap_lock - owner thread: 0x0000017f4d33c040

Heap address: 0x00000000c4c00000, size: 948 MB, Compressed Oops mode: 32-bit

CDS archive(s) mapped at: [0x0000000000000000-0x0000000000000000-0x0000000000000000), size 0, SharedBaseAddress: 0x0000000800000000, ArchiveRelocationMode: 1.
Narrow klass base: 0x0000000000000000, Narrow klass shift: 0, Narrow klass range: 0x0

GC Precious Log:
<Empty>

Heap:
 garbage-first heap   total 0K, used 0K [0x00000000c4c00000, 0x0000000100000000)
  region size 1024K, 0 young (0K), 0 survivors (0K)
 Metaspace       used 0K, committed 0K, reserved 0K
  class space    used 0K, committed 0K, reserved 0K

Heap Regions: E=young(eden), S=young(survivor), O=old, HS=humongous(starts), HC=humongous(continues), CS=collection set, F=free, OA=open archive, CA=closed archive, TAMS=top-at-mark-start (previous, next)

Card table byte_map: [0x0000017f5f810000,0x0000017f5f9f0000] _byte_map_base: 0x0000017f5f1ea000

Marking Bits (Prev, Next): (CMBitMap*) 0x0000017f4d377190, (CMBitMap*) 0x0000017f4d3771d0
 Prev Bits: [0x0000017f5fbd0000, 0x0000017f60aa0000)
 Next Bits: [0x0000017f60aa0000, 0x0000017f61970000)

GC Heap History (0 events):
No events

Dll operation events (1 events):
Event: 0.362 Loaded shared library C:\Program Files\Android\Android Studio2\jbr\bin\java.dll

Deoptimization events (0 events):
No events

Classes unloaded (0 events):
No events

Classes redefined (0 events):
No events

Internal exceptions (0 events):
No events

VM Operations (0 events):
No events

Events (0 events):
No events


Dynamic libraries:
0x00007ff6bf690000 - 0x00007ff6bf69a000 	C:\Program Files\Android\Android Studio2\jbr\bin\java.EXE
0x00007ffbae1f0000 - 0x00007ffbae407000 	C:\WINDOWS\SYSTEM32\ntdll.dll
0x00007ffbad130000 - 0x00007ffbad1f4000 	C:\WINDOWS\System32\KERNEL32.DLL
0x00007ffbab6c0000 - 0x00007ffbaba6d000 	C:\WINDOWS\System32\KERNELBASE.dll
0x00007ffb83bb0000 - 0x00007ffb83bc7000 	C:\Program Files\Android\Android Studio2\jbr\bin\jli.dll
0x00007ffbab5a0000 - 0x00007ffbab6b1000 	C:\WINDOWS\System32\ucrtbase.dll
0x00007ffb83b90000 - 0x00007ffb83bab000 	C:\Program Files\Android\Android Studio2\jbr\bin\VCRUNTIME140.dll
0x00007ffbad680000 - 0x00007ffbad82e000 	C:\WINDOWS\System32\USER32.dll
0x00007ffbabe40000 - 0x00007ffbabe66000 	C:\WINDOWS\System32\win32u.dll
0x00007ffbad210000 - 0x00007ffbad239000 	C:\WINDOWS\System32\GDI32.dll
0x00007ffbabcb0000 - 0x00007ffbabdc9000 	C:\WINDOWS\System32\gdi32full.dll
0x00007ffbaba70000 - 0x00007ffbabb0a000 	C:\WINDOWS\System32\msvcp_win.dll
0x00007ffb87840000 - 0x00007ffb87ad3000 	C:\WINDOWS\WinSxS\amd64_microsoft.windows.common-controls_6595b64144ccf1df_6.0.22621.3672_none_2713b9d173822955\COMCTL32.dll
0x00007ffbadfc0000 - 0x00007ffbae067000 	C:\WINDOWS\System32\msvcrt.dll
0x00007ffbae070000 - 0x00007ffbae0a1000 	C:\WINDOWS\System32\IMM32.DLL
0x00007ffb931a0000 - 0x00007ffb931ac000 	C:\Program Files\Android\Android Studio2\jbr\bin\vcruntime140_1.dll
0x00007ffb63310000 - 0x00007ffb6339d000 	C:\Program Files\Android\Android Studio2\jbr\bin\msvcp140.dll
0x00007ffb46b20000 - 0x00007ffb477a3000 	C:\Program Files\Android\Android Studio2\jbr\bin\server\jvm.dll
0x00007ffbac230000 - 0x00007ffbac2e2000 	C:\WINDOWS\System32\ADVAPI32.dll
0x00007ffbacbc0000 - 0x00007ffbacc69000 	C:\WINDOWS\System32\sechost.dll
0x00007ffbabc80000 - 0x00007ffbabca8000 	C:\WINDOWS\System32\bcrypt.dll
0x00007ffbacfb0000 - 0x00007ffbad0c4000 	C:\WINDOWS\System32\RPCRT4.dll
0x00007ffba1c00000 - 0x00007ffba1c0a000 	C:\WINDOWS\SYSTEM32\VERSION.dll
0x00007ffb8cbc0000 - 0x00007ffb8cbc9000 	C:\WINDOWS\SYSTEM32\WSOCK32.dll
0x00007ffbab3e0000 - 0x00007ffbab42d000 	C:\WINDOWS\SYSTEM32\POWRPROF.dll
0x00007ffba50f0000 - 0x00007ffba5124000 	C:\WINDOWS\SYSTEM32\WINMM.dll
0x00007ffbada70000 - 0x00007ffbadae1000 	C:\WINDOWS\System32\WS2_32.dll
0x00007ffbab3c0000 - 0x00007ffbab3d3000 	C:\WINDOWS\SYSTEM32\UMPDC.dll
0x00007ffbaa510000 - 0x00007ffbaa528000 	C:\WINDOWS\SYSTEM32\kernel.appcore.dll
0x00007ffb86d60000 - 0x00007ffb86d6a000 	C:\Program Files\Android\Android Studio2\jbr\bin\jimage.dll
0x00007ffba8d70000 - 0x00007ffba8fa2000 	C:\WINDOWS\SYSTEM32\DBGHELP.DLL
0x00007ffbad2f0000 - 0x00007ffbad678000 	C:\WINDOWS\System32\combase.dll
0x00007ffbad830000 - 0x00007ffbad907000 	C:\WINDOWS\System32\OLEAUT32.dll
0x00007ffb8ab00000 - 0x00007ffb8ab32000 	C:\WINDOWS\SYSTEM32\dbgcore.DLL
0x00007ffbab520000 - 0x00007ffbab59b000 	C:\WINDOWS\System32\bcryptPrimitives.dll
0x00007ffb666b0000 - 0x00007ffb666d5000 	C:\Program Files\Android\Android Studio2\jbr\bin\java.dll

dbghelp: loaded successfully - version: 4.0.5 - missing functions: none
symbol engine: initialized successfully - sym options: 0x614 - pdb path: .;C:\Program Files\Android\Android Studio2\jbr\bin;C:\WINDOWS\SYSTEM32;C:\WINDOWS\WinSxS\amd64_microsoft.windows.common-controls_6595b64144ccf1df_6.0.22621.3672_none_2713b9d173822955;C:\Program Files\Android\Android Studio2\jbr\bin\server

VM Arguments:
java_command: <unknown>
java_class_path (initial): <not set>
Launcher Type: SUN_STANDARD

[Global flags]
     intx CICompilerCount                          = 3                                         {product} {ergonomic}
     uint ConcGCThreads                            = 1                                         {product} {ergonomic}
     uint G1ConcRefinementThreads                  = 4                                         {product} {ergonomic}
   size_t G1HeapRegionSize                         = 1048576                                   {product} {ergonomic}
    uintx GCDrainStackTargetSize                   = 64                                        {product} {ergonomic}
   size_t InitialHeapSize                          = 62914560                                  {product} {ergonomic}
   size_t MarkStackSize                            = 4194304                                   {product} {ergonomic}
   size_t MaxHeapSize                              = 994050048                                 {product} {ergonomic}
   size_t MinHeapDeltaBytes                        = 1048576                                   {product} {ergonomic}
   size_t MinHeapSize                              = 8388608                                   {product} {ergonomic}
    uintx NonNMethodCodeHeapSize                   = 5832780                                {pd product} {ergonomic}
    uintx NonProfiledCodeHeapSize                  = 122912730                              {pd product} {ergonomic}
    uintx ProfiledCodeHeapSize                     = 122912730                              {pd product} {ergonomic}
    uintx ReservedCodeCacheSize                    = 251658240                              {pd product} {ergonomic}
     bool SegmentedCodeCache                       = true                                      {product} {ergonomic}
   size_t SoftMaxHeapSize                          = 994050048                              {manageable} {ergonomic}
     bool UseCompressedClassPointers               = true                           {product lp64_product} {ergonomic}
     bool UseCompressedOops                        = true                           {product lp64_product} {ergonomic}
     bool UseG1GC                                  = true                                      {product} {ergonomic}
     bool UseLargePagesIndividualAllocation        = false                                  {pd product} {ergonomic}

Logging:
Log output configuration:
 #0: stdout all=warning uptime,level,tags
 #1: stderr all=off uptime,level,tags

Environment Variables:
JAVA_HOME=C:\Program Files\Android\Android Studio2\jbr
PATH=C:\Program Files\Android\Android Studio2\jbr\bin;C:\Program Files\Eclipse Adoptium\jre-8.0.412.8-hotspot\bin;C:\WINDOWS\system32;C:\WINDOWS;C:\WINDOWS\System32\Wbem;C:\WINDOWS\System32\WindowsPowerShell\v1.0\;C:\WINDOWS\System32\OpenSSH\;C:\Program Files\nodejs\;C:\ProgramData\chocolatey\bin;C:\Program Files\Git\cmd;C:\Program Files\nodejs;C:\Users\Pujip\AppData\Local\Programs\Python\Launcher\;C:\Users\Pujip\AppData\Local\Microsoft\WindowsApps;C:\Users\Pujip\AppData\Local\Programs\Microsoft VS Code\bin;C:\Users\Pujip\AppData\Local\Microsoft\WinGet\Packages\Schniz.fnm_Microsoft.Winget.Source_8wekyb3d8bbwe;C:\Users\Pujip\AppData\Local\flutter\bin;C:\Users\Pujip\AppData\Roaming\npm;C:\Program Files\heroku\bin;C:\Program Files\nodejs;;C:\Users\Pujip\AppData\Local\flutter\bin\mingit\cmd;C:\Users\Pujip\AppData\Local\flutter\bin\mingit\cmd
USERNAME=Pujip
OS=Windows_NT
PROCESSOR_IDENTIFIER=Intel64 Family 6 Model 126 Stepping 5, GenuineIntel
TMP=C:\Users\Pujip\AppData\Local\Temp
TEMP=C:\Users\Pujip\AppData\Local\Temp



Periodic native trim disabled

JNI global refs:
JNI global refs: 0, weak refs: 0

JNI global refs memory usage: 0, weak refs: 0

Process memory usage:
Resident Set Size: 10928K (0% of 3875604K total physical memory with 488736K free physical memory)

OOME stack traces (most recent first):
Classloader memory used:


---------------  S Y S T E M  ---------------

OS:
 Windows 11 , 64 bit Build 22621 (10.0.22621.3672)
OS uptime: 3 days 14:30 hours
Hyper-V role detected

CPU: total 4 (initial active 4) (2 cores per cpu, 2 threads per core) family 6 model 126 stepping 5 microcode 0xa0, cx8, cmov, fxsr, ht, mmx, 3dnowpref, sse, sse2, sse3, ssse3, sse4.1, sse4.2, popcnt, lzcnt, tsc, tscinvbit, avx, avx2, aes, erms, clmul, bmi1, bmi2, adx, avx512f, avx512dq, avx512cd, avx512bw, avx512vl, sha, fma, vzeroupper, avx512_vpopcntdq, avx512_vpclmulqdq, avx512_vaes, avx512_vnni, clflush, clflushopt, avx512_vbmi2, avx512_vbmi, hv
Processor Information for processor 0
  Max Mhz: 1190, Current Mhz: 1190, Mhz Limit: 1190
Processor Information for processor 1
  Max Mhz: 1190, Current Mhz: 991, Mhz Limit: 1190
Processor Information for processor 2
  Max Mhz: 1190, Current Mhz: 1190, Mhz Limit: 1190
Processor Information for processor 3
  Max Mhz: 1190, Current Mhz: 1190, Mhz Limit: 1190

Memory: 4k page, system-wide physical 3784M (477M free)
TotalPageFile size 15560M (AvailPageFile size 46M)
current process WorkingSet (physical memory assigned to process): 10M, peak: 10M
current process commit charge ("private bytes"): 51M, peak: 111M

vm_info: OpenJDK 64-Bit Server VM (17.0.11+0--11852314) for windows-amd64 JRE (17.0.11+0--11852314), built on May 16 2024 21:29:20 by "androidbuild" with MS VC++ 16.10 / 16.11 (VS2019)

END.
